<?xml version="1.0" encoding="UTF-8"?>
<!-- Generated by org.testng.reporters.JUnitReportReporter -->
<testsuite hostname="LAPTOP-3GRJ1KE8" failures="0" tests="5" name="com.crm.qa.testcases.HomePageTest" time="105.016" errors="0" timestamp="2021-05-22T18:19:36 IST" skipped="0">
  <testcase classname="com.crm.qa.testcases.HomePageTest" name="verifyHomePageTitleTest" time="15.255"/>
  <system-out/>
  <testcase classname="com.crm.qa.testcases.HomePageTest" name="verifyCorrrectUserNameTest" time="17.218"/>
  <system-out/>
  <testcase classname="com.crm.qa.testcases.HomePageTest" name="verifyContactsLinkTest" time="29.065"/>
  <system-out/>
  <testcase classname="com.crm.qa.testcases.HomePageTest" name="verifyDealsLinkTest" time="22.081"/>
  <system-out/>
  <testcase classname="com.crm.qa.testcases.HomePageTest" name="verifyTasksLinkTest" time="21.397"/>
  <system-out/>
</testsuite> <!-- com.crm.qa.testcases.HomePageTest -->
