<?xml version="1.0" encoding="UTF-8"?>
<!-- Generated by org.testng.reporters.JUnitReportReporter -->
<testsuite hostname="LAPTOP-3GRJ1KE8" failures="0" tests="3" name="com.crm.qa.testcases.LoginPageTest" time="84.392" errors="0" timestamp="2021-05-22T18:19:36 IST" skipped="0">
  <testcase classname="com.crm.qa.testcases.LoginPageTest" name="loginPageTitleTest" time="53.068"/>
  <system-out/>
  <testcase classname="com.crm.qa.testcases.LoginPageTest" name="crmLogoImageTest" time="14.171"/>
  <system-out/>
  <testcase classname="com.crm.qa.testcases.LoginPageTest" name="loginPageTest" time="17.153"/>
  <system-out/>
</testsuite> <!-- com.crm.qa.testcases.LoginPageTest -->
